[2025-04-11 20:31:58] local.ERROR: SQLSTATE[42S02]: Base table or view not found: 1146 Table 'ultimatepos.system' doesn't exist (SQL: select `value`, `key` from `system` where `key` in (additional_js, additional_css)) {"view":{"view":"/home/vun/Project/UltimatePOS-CodeBase-V6.6/resources/views/welcome.blade.php","data":[]},"exception":"[object] (Spatie\\LaravelIgnition\\Exceptions\\ViewException(code: 0): SQLSTATE[42S02]: Base table or view not found: 1146 Table 'ultimatepos.system' doesn't exist (SQL: select `value`, `key` from `system` where `key` in (additional_js, additional_css)) at /home/vun/Project/UltimatePOS-CodeBase-V6.6/vendor/laravel/framework/src/Illuminate/Database/Connection.php:760)
[stacktrace]
#0 /home/vun/Project/UltimatePOS-CodeBase-V6.6/vendor/laravel/framework/src/Illuminate/Database/Connection.php(720): Illuminate\\Database\\Connection->runQueryCallback()
#1 /home/vun/Project/UltimatePOS-CodeBase-V6.6/vendor/laravel/framework/src/Illuminate/Database/Connection.php(405): Illuminate\\Database\\Connection->run()
#2 /home/vun/Project/UltimatePOS-CodeBase-V6.6/vendor/laravel/framework/src/Illuminate/Database/Query/Builder.php(2705): Illuminate\\Database\\Connection->select()
#3 /home/vun/Project/UltimatePOS-CodeBase-V6.6/vendor/laravel/framework/src/Illuminate/Database/Query/Builder.php(2920): Illuminate\\Database\\Query\\Builder->runSelect()
#4 /home/vun/Project/UltimatePOS-CodeBase-V6.6/vendor/laravel/framework/src/Illuminate/Database/Query/Builder.php(3230): Illuminate\\Database\\Query\\Builder->Illuminate\\Database\\Query\\{closure}()
#5 /home/vun/Project/UltimatePOS-CodeBase-V6.6/vendor/laravel/framework/src/Illuminate/Database/Query/Builder.php(2916): Illuminate\\Database\\Query\\Builder->onceWithColumns()
#6 /home/vun/Project/UltimatePOS-CodeBase-V6.6/vendor/laravel/framework/src/Illuminate/Database/Eloquent/Builder.php(860): Illuminate\\Database\\Query\\Builder->pluck()
#7 /home/vun/Project/UltimatePOS-CodeBase-V6.6/app/System.php(58): Illuminate\\Database\\Eloquent\\Builder->pluck()
#8 /home/vun/Project/UltimatePOS-CodeBase-V6.6/app/Providers/AppServiceProvider.php(99): App\\System::getProperties()
#9 /home/vun/Project/UltimatePOS-CodeBase-V6.6/vendor/laravel/framework/src/Illuminate/View/Concerns/ManagesEvents.php(162): App\\Providers\\AppServiceProvider->App\\Providers\\{closure}()
#10 /home/vun/Project/UltimatePOS-CodeBase-V6.6/vendor/laravel/framework/src/Illuminate/Events/Dispatcher.php(418): Illuminate\\View\\Factory->Illuminate\\View\\Concerns\\{closure}()
#11 /home/vun/Project/UltimatePOS-CodeBase-V6.6/vendor/laravel/framework/src/Illuminate/Events/Dispatcher.php(249): Illuminate\\Events\\Dispatcher->Illuminate\\Events\\{closure}()
#12 /home/vun/Project/UltimatePOS-CodeBase-V6.6/vendor/laravel/framework/src/Illuminate/View/Concerns/ManagesEvents.php(177): Illuminate\\Events\\Dispatcher->dispatch()
#13 /home/vun/Project/UltimatePOS-CodeBase-V6.6/vendor/laravel/framework/src/Illuminate/View/View.php(176): Illuminate\\View\\Factory->callComposer()
#14 /home/vun/Project/UltimatePOS-CodeBase-V6.6/vendor/laravel/framework/src/Illuminate/View/View.php(147): Illuminate\\View\\View->renderContents()
#15 /home/vun/Project/UltimatePOS-CodeBase-V6.6/resources/views/welcome.blade.php(15): Illuminate\\View\\View->render()
#16 /home/vun/Project/UltimatePOS-CodeBase-V6.6/vendor/laravel/framework/src/Illuminate/Filesystem/Filesystem.php(109): require('...')
#17 /home/vun/Project/UltimatePOS-CodeBase-V6.6/vendor/laravel/framework/src/Illuminate/Filesystem/Filesystem.php(110): Illuminate\\Filesystem\\Filesystem::Illuminate\\Filesystem\\{closure}()
#18 /home/vun/Project/UltimatePOS-CodeBase-V6.6/vendor/laravel/framework/src/Illuminate/View/Engines/PhpEngine.php(58): Illuminate\\Filesystem\\Filesystem->getRequire()
#19 /home/vun/Project/UltimatePOS-CodeBase-V6.6/vendor/laravel/framework/src/Illuminate/View/Engines/CompilerEngine.php(70): Illuminate\\View\\Engines\\PhpEngine->evaluatePath()
#20 /home/vun/Project/UltimatePOS-CodeBase-V6.6/vendor/laravel/framework/src/Illuminate/View/View.php(195): Illuminate\\View\\Engines\\CompilerEngine->get()
#21 /home/vun/Project/UltimatePOS-CodeBase-V6.6/vendor/laravel/framework/src/Illuminate/View/View.php(178): Illuminate\\View\\View->getContents()
#22 /home/vun/Project/UltimatePOS-CodeBase-V6.6/vendor/laravel/framework/src/Illuminate/View/View.php(147): Illuminate\\View\\View->renderContents()
#23 /home/vun/Project/UltimatePOS-CodeBase-V6.6/vendor/laravel/framework/src/Illuminate/Http/Response.php(69): Illuminate\\View\\View->render()
#24 /home/vun/Project/UltimatePOS-CodeBase-V6.6/vendor/laravel/framework/src/Illuminate/Http/Response.php(35): Illuminate\\Http\\Response->setContent()
#25 /home/vun/Project/UltimatePOS-CodeBase-V6.6/vendor/laravel/framework/src/Illuminate/Routing/Router.php(906): Illuminate\\Http\\Response->__construct()
#26 /home/vun/Project/UltimatePOS-CodeBase-V6.6/vendor/laravel/framework/src/Illuminate/Routing/Router.php(875): Illuminate\\Routing\\Router::toResponse()
#27 /home/vun/Project/UltimatePOS-CodeBase-V6.6/vendor/laravel/framework/src/Illuminate/Routing/Router.php(797): Illuminate\\Routing\\Router->prepareResponse()
#28 /home/vun/Project/UltimatePOS-CodeBase-V6.6/vendor/laravel/framework/src/Illuminate/Pipeline/Pipeline.php(141): Illuminate\\Routing\\Router->Illuminate\\Routing\\{closure}()
#29 /home/vun/Project/UltimatePOS-CodeBase-V6.6/app/Http/Middleware/IsInstalled.php(50): Illuminate\\Pipeline\\Pipeline->Illuminate\\Pipeline\\{closure}()
#30 /home/vun/Project/UltimatePOS-CodeBase-V6.6/vendor/laravel/framework/src/Illuminate/Pipeline/Pipeline.php(180): App\\Http\\Middleware\\IsInstalled->handle()
#31 /home/vun/Project/UltimatePOS-CodeBase-V6.6/vendor/barryvdh/laravel-debugbar/src/Middleware/InjectDebugbar.php(59): Illuminate\\Pipeline\\Pipeline->Illuminate\\Pipeline\\{closure}()
#32 /home/vun/Project/UltimatePOS-CodeBase-V6.6/vendor/laravel/framework/src/Illuminate/Pipeline/Pipeline.php(180): Barryvdh\\Debugbar\\Middleware\\InjectDebugbar->handle()
#33 /home/vun/Project/UltimatePOS-CodeBase-V6.6/vendor/laravel/framework/src/Illuminate/Routing/Middleware/SubstituteBindings.php(50): Illuminate\\Pipeline\\Pipeline->Illuminate\\Pipeline\\{closure}()
#34 /home/vun/Project/UltimatePOS-CodeBase-V6.6/vendor/laravel/framework/src/Illuminate/Pipeline/Pipeline.php(180): Illuminate\\Routing\\Middleware\\SubstituteBindings->handle()
#35 /home/vun/Project/UltimatePOS-CodeBase-V6.6/vendor/laravel/framework/src/Illuminate/Foundation/Http/Middleware/VerifyCsrfToken.php(78): Illuminate\\Pipeline\\Pipeline->Illuminate\\Pipeline\\{closure}()
#36 /home/vun/Project/UltimatePOS-CodeBase-V6.6/vendor/laravel/framework/src/Illuminate/Pipeline/Pipeline.php(180): Illuminate\\Foundation\\Http\\Middleware\\VerifyCsrfToken->handle()
#37 /home/vun/Project/UltimatePOS-CodeBase-V6.6/vendor/laravel/framework/src/Illuminate/View/Middleware/ShareErrorsFromSession.php(49): Illuminate\\Pipeline\\Pipeline->Illuminate\\Pipeline\\{closure}()
#38 /home/vun/Project/UltimatePOS-CodeBase-V6.6/vendor/laravel/framework/src/Illuminate/Pipeline/Pipeline.php(180): Illuminate\\View\\Middleware\\ShareErrorsFromSession->handle()
#39 /home/vun/Project/UltimatePOS-CodeBase-V6.6/vendor/laravel/framework/src/Illuminate/Session/Middleware/StartSession.php(121): Illuminate\\Pipeline\\Pipeline->Illuminate\\Pipeline\\{closure}()
#40 /home/vun/Project/UltimatePOS-CodeBase-V6.6/vendor/laravel/framework/src/Illuminate/Session/Middleware/StartSession.php(64): Illuminate\\Session\\Middleware\\StartSession->handleStatefulRequest()
#41 /home/vun/Project/UltimatePOS-CodeBase-V6.6/vendor/laravel/framework/src/Illuminate/Pipeline/Pipeline.php(180): Illuminate\\Session\\Middleware\\StartSession->handle()
#42 /home/vun/Project/UltimatePOS-CodeBase-V6.6/vendor/laravel/framework/src/Illuminate/Cookie/Middleware/AddQueuedCookiesToResponse.php(37): Illuminate\\Pipeline\\Pipeline->Illuminate\\Pipeline\\{closure}()
#43 /home/vun/Project/UltimatePOS-CodeBase-V6.6/vendor/laravel/framework/src/Illuminate/Pipeline/Pipeline.php(180): Illuminate\\Cookie\\Middleware\\AddQueuedCookiesToResponse->handle()
#44 /home/vun/Project/UltimatePOS-CodeBase-V6.6/vendor/laravel/framework/src/Illuminate/Cookie/Middleware/EncryptCookies.php(67): Illuminate\\Pipeline\\Pipeline->Illuminate\\Pipeline\\{closure}()
#45 /home/vun/Project/UltimatePOS-CodeBase-V6.6/vendor/laravel/framework/src/Illuminate/Pipeline/Pipeline.php(180): Illuminate\\Cookie\\Middleware\\EncryptCookies->handle()
#46 /home/vun/Project/UltimatePOS-CodeBase-V6.6/vendor/laravel/framework/src/Illuminate/Pipeline/Pipeline.php(116): Illuminate\\Pipeline\\Pipeline->Illuminate\\Pipeline\\{closure}()
#47 /home/vun/Project/UltimatePOS-CodeBase-V6.6/vendor/laravel/framework/src/Illuminate/Routing/Router.php(797): Illuminate\\Pipeline\\Pipeline->then()
#48 /home/vun/Project/UltimatePOS-CodeBase-V6.6/vendor/laravel/framework/src/Illuminate/Routing/Router.php(776): Illuminate\\Routing\\Router->runRouteWithinStack()
#49 /home/vun/Project/UltimatePOS-CodeBase-V6.6/vendor/laravel/framework/src/Illuminate/Routing/Router.php(740): Illuminate\\Routing\\Router->runRoute()
#50 /home/vun/Project/UltimatePOS-CodeBase-V6.6/vendor/laravel/framework/src/Illuminate/Routing/Router.php(729): Illuminate\\Routing\\Router->dispatchToRoute()
#51 /home/vun/Project/UltimatePOS-CodeBase-V6.6/vendor/laravel/framework/src/Illuminate/Foundation/Http/Kernel.php(190): Illuminate\\Routing\\Router->dispatch()
#52 /home/vun/Project/UltimatePOS-CodeBase-V6.6/vendor/laravel/framework/src/Illuminate/Pipeline/Pipeline.php(141): Illuminate\\Foundation\\Http\\Kernel->Illuminate\\Foundation\\Http\\{closure}()
#53 /home/vun/Project/UltimatePOS-CodeBase-V6.6/vendor/barryvdh/laravel-debugbar/src/Middleware/InjectDebugbar.php(59): Illuminate\\Pipeline\\Pipeline->Illuminate\\Pipeline\\{closure}()
#54 /home/vun/Project/UltimatePOS-CodeBase-V6.6/vendor/laravel/framework/src/Illuminate/Pipeline/Pipeline.php(180): Barryvdh\\Debugbar\\Middleware\\InjectDebugbar->handle()
#55 /home/vun/Project/UltimatePOS-CodeBase-V6.6/vendor/laravel/framework/src/Illuminate/Foundation/Http/Middleware/TransformsRequest.php(21): Illuminate\\Pipeline\\Pipeline->Illuminate\\Pipeline\\{closure}()
#56 /home/vun/Project/UltimatePOS-CodeBase-V6.6/vendor/laravel/framework/src/Illuminate/Foundation/Http/Middleware/ConvertEmptyStringsToNull.php(31): Illuminate\\Foundation\\Http\\Middleware\\TransformsRequest->handle()
#57 /home/vun/Project/UltimatePOS-CodeBase-V6.6/vendor/laravel/framework/src/Illuminate/Pipeline/Pipeline.php(180): Illuminate\\Foundation\\Http\\Middleware\\ConvertEmptyStringsToNull->handle()
#58 /home/vun/Project/UltimatePOS-CodeBase-V6.6/vendor/laravel/framework/src/Illuminate/Foundation/Http/Middleware/TransformsRequest.php(21): Illuminate\\Pipeline\\Pipeline->Illuminate\\Pipeline\\{closure}()
#59 /home/vun/Project/UltimatePOS-CodeBase-V6.6/vendor/laravel/framework/src/Illuminate/Foundation/Http/Middleware/TrimStrings.php(40): Illuminate\\Foundation\\Http\\Middleware\\TransformsRequest->handle()
#60 /home/vun/Project/UltimatePOS-CodeBase-V6.6/vendor/laravel/framework/src/Illuminate/Pipeline/Pipeline.php(180): Illuminate\\Foundation\\Http\\Middleware\\TrimStrings->handle()
#61 /home/vun/Project/UltimatePOS-CodeBase-V6.6/vendor/laravel/framework/src/Illuminate/Foundation/Http/Middleware/ValidatePostSize.php(27): Illuminate\\Pipeline\\Pipeline->Illuminate\\Pipeline\\{closure}()
#62 /home/vun/Project/UltimatePOS-CodeBase-V6.6/vendor/laravel/framework/src/Illuminate/Pipeline/Pipeline.php(180): Illuminate\\Foundation\\Http\\Middleware\\ValidatePostSize->handle()
#63 /home/vun/Project/UltimatePOS-CodeBase-V6.6/vendor/laravel/framework/src/Illuminate/Foundation/Http/Middleware/PreventRequestsDuringMaintenance.php(86): Illuminate\\Pipeline\\Pipeline->Illuminate\\Pipeline\\{closure}()
#64 /home/vun/Project/UltimatePOS-CodeBase-V6.6/vendor/laravel/framework/src/Illuminate/Pipeline/Pipeline.php(180): Illuminate\\Foundation\\Http\\Middleware\\PreventRequestsDuringMaintenance->handle()
#65 /home/vun/Project/UltimatePOS-CodeBase-V6.6/vendor/laravel/framework/src/Illuminate/Http/Middleware/HandleCors.php(49): Illuminate\\Pipeline\\Pipeline->Illuminate\\Pipeline\\{closure}()
#66 /home/vun/Project/UltimatePOS-CodeBase-V6.6/vendor/laravel/framework/src/Illuminate/Pipeline/Pipeline.php(180): Illuminate\\Http\\Middleware\\HandleCors->handle()
#67 /home/vun/Project/UltimatePOS-CodeBase-V6.6/vendor/laravel/framework/src/Illuminate/Http/Middleware/TrustProxies.php(39): Illuminate\\Pipeline\\Pipeline->Illuminate\\Pipeline\\{closure}()
#68 /home/vun/Project/UltimatePOS-CodeBase-V6.6/vendor/laravel/framework/src/Illuminate/Pipeline/Pipeline.php(180): Illuminate\\Http\\Middleware\\TrustProxies->handle()
#69 /home/vun/Project/UltimatePOS-CodeBase-V6.6/vendor/laravel/framework/src/Illuminate/Pipeline/Pipeline.php(116): Illuminate\\Pipeline\\Pipeline->Illuminate\\Pipeline\\{closure}()
#70 /home/vun/Project/UltimatePOS-CodeBase-V6.6/vendor/laravel/framework/src/Illuminate/Foundation/Http/Kernel.php(165): Illuminate\\Pipeline\\Pipeline->then()
#71 /home/vun/Project/UltimatePOS-CodeBase-V6.6/vendor/laravel/framework/src/Illuminate/Foundation/Http/Kernel.php(134): Illuminate\\Foundation\\Http\\Kernel->sendRequestThroughRouter()
#72 /home/vun/Project/UltimatePOS-CodeBase-V6.6/public/index.php(51): Illuminate\\Foundation\\Http\\Kernel->handle()
#73 /home/vun/Project/UltimatePOS-CodeBase-V6.6/vendor/laravel/framework/src/Illuminate/Foundation/resources/server.php(16): require_once('...')
#74 {main}

[previous exception] [object] (Illuminate\\Database\\QueryException(code: 42S02): SQLSTATE[42S02]: Base table or view not found: 1146 Table 'ultimatepos.system' doesn't exist (SQL: select `value`, `key` from `system` where `key` in (additional_js, additional_css)) at /home/vun/Project/UltimatePOS-CodeBase-V6.6/vendor/laravel/framework/src/Illuminate/Database/Connection.php:760)
[stacktrace]
#0 /home/vun/Project/UltimatePOS-CodeBase-V6.6/vendor/laravel/framework/src/Illuminate/Database/Connection.php(720): Illuminate\\Database\\Connection->runQueryCallback()
#1 /home/vun/Project/UltimatePOS-CodeBase-V6.6/vendor/laravel/framework/src/Illuminate/Database/Connection.php(405): Illuminate\\Database\\Connection->run()
#2 /home/vun/Project/UltimatePOS-CodeBase-V6.6/vendor/laravel/framework/src/Illuminate/Database/Query/Builder.php(2705): Illuminate\\Database\\Connection->select()
#3 /home/vun/Project/UltimatePOS-CodeBase-V6.6/vendor/laravel/framework/src/Illuminate/Database/Query/Builder.php(2920): Illuminate\\Database\\Query\\Builder->runSelect()
#4 /home/vun/Project/UltimatePOS-CodeBase-V6.6/vendor/laravel/framework/src/Illuminate/Database/Query/Builder.php(3230): Illuminate\\Database\\Query\\Builder->Illuminate\\Database\\Query\\{closure}()
#5 /home/vun/Project/UltimatePOS-CodeBase-V6.6/vendor/laravel/framework/src/Illuminate/Database/Query/Builder.php(2916): Illuminate\\Database\\Query\\Builder->onceWithColumns()
#6 /home/vun/Project/UltimatePOS-CodeBase-V6.6/vendor/laravel/framework/src/Illuminate/Database/Eloquent/Builder.php(860): Illuminate\\Database\\Query\\Builder->pluck()
#7 /home/vun/Project/UltimatePOS-CodeBase-V6.6/app/System.php(58): Illuminate\\Database\\Eloquent\\Builder->pluck()
#8 /home/vun/Project/UltimatePOS-CodeBase-V6.6/app/Providers/AppServiceProvider.php(99): App\\System::getProperties()
#9 /home/vun/Project/UltimatePOS-CodeBase-V6.6/vendor/laravel/framework/src/Illuminate/View/Concerns/ManagesEvents.php(162): App\\Providers\\AppServiceProvider->App\\Providers\\{closure}()
#10 /home/vun/Project/UltimatePOS-CodeBase-V6.6/vendor/laravel/framework/src/Illuminate/Events/Dispatcher.php(418): Illuminate\\View\\Factory->Illuminate\\View\\Concerns\\{closure}()
#11 /home/vun/Project/UltimatePOS-CodeBase-V6.6/vendor/laravel/framework/src/Illuminate/Events/Dispatcher.php(249): Illuminate\\Events\\Dispatcher->Illuminate\\Events\\{closure}()
#12 /home/vun/Project/UltimatePOS-CodeBase-V6.6/vendor/laravel/framework/src/Illuminate/View/Concerns/ManagesEvents.php(177): Illuminate\\Events\\Dispatcher->dispatch()
#13 /home/vun/Project/UltimatePOS-CodeBase-V6.6/vendor/laravel/framework/src/Illuminate/View/View.php(176): Illuminate\\View\\Factory->callComposer()
#14 /home/vun/Project/UltimatePOS-CodeBase-V6.6/vendor/laravel/framework/src/Illuminate/View/View.php(147): Illuminate\\View\\View->renderContents()
#15 /home/vun/Project/UltimatePOS-CodeBase-V6.6/storage/framework/views/6580eb56029b49dd1dd45a62216da06cb8eb5c1f.php(18): Illuminate\\View\\View->render()
#16 /home/vun/Project/UltimatePOS-CodeBase-V6.6/vendor/laravel/framework/src/Illuminate/Filesystem/Filesystem.php(109): require('...')
#17 /home/vun/Project/UltimatePOS-CodeBase-V6.6/vendor/laravel/framework/src/Illuminate/Filesystem/Filesystem.php(110): Illuminate\\Filesystem\\Filesystem::Illuminate\\Filesystem\\{closure}()
#18 /home/vun/Project/UltimatePOS-CodeBase-V6.6/vendor/laravel/framework/src/Illuminate/View/Engines/PhpEngine.php(58): Illuminate\\Filesystem\\Filesystem->getRequire()
#19 /home/vun/Project/UltimatePOS-CodeBase-V6.6/vendor/laravel/framework/src/Illuminate/View/Engines/CompilerEngine.php(70): Illuminate\\View\\Engines\\PhpEngine->evaluatePath()
#20 /home/vun/Project/UltimatePOS-CodeBase-V6.6/vendor/laravel/framework/src/Illuminate/View/View.php(195): Illuminate\\View\\Engines\\CompilerEngine->get()
#21 /home/vun/Project/UltimatePOS-CodeBase-V6.6/vendor/laravel/framework/src/Illuminate/View/View.php(178): Illuminate\\View\\View->getContents()
#22 /home/vun/Project/UltimatePOS-CodeBase-V6.6/vendor/laravel/framework/src/Illuminate/View/View.php(147): Illuminate\\View\\View->renderContents()
#23 /home/vun/Project/UltimatePOS-CodeBase-V6.6/vendor/laravel/framework/src/Illuminate/Http/Response.php(69): Illuminate\\View\\View->render()
#24 /home/vun/Project/UltimatePOS-CodeBase-V6.6/vendor/laravel/framework/src/Illuminate/Http/Response.php(35): Illuminate\\Http\\Response->setContent()
#25 /home/vun/Project/UltimatePOS-CodeBase-V6.6/vendor/laravel/framework/src/Illuminate/Routing/Router.php(906): Illuminate\\Http\\Response->__construct()
#26 /home/vun/Project/UltimatePOS-CodeBase-V6.6/vendor/laravel/framework/src/Illuminate/Routing/Router.php(875): Illuminate\\Routing\\Router::toResponse()
#27 /home/vun/Project/UltimatePOS-CodeBase-V6.6/vendor/laravel/framework/src/Illuminate/Routing/Router.php(797): Illuminate\\Routing\\Router->prepareResponse()
#28 /home/vun/Project/UltimatePOS-CodeBase-V6.6/vendor/laravel/framework/src/Illuminate/Pipeline/Pipeline.php(141): Illuminate\\Routing\\Router->Illuminate\\Routing\\{closure}()
#29 /home/vun/Project/UltimatePOS-CodeBase-V6.6/app/Http/Middleware/IsInstalled.php(50): Illuminate\\Pipeline\\Pipeline->Illuminate\\Pipeline\\{closure}()
#30 /home/vun/Project/UltimatePOS-CodeBase-V6.6/vendor/laravel/framework/src/Illuminate/Pipeline/Pipeline.php(180): App\\Http\\Middleware\\IsInstalled->handle()
#31 /home/vun/Project/UltimatePOS-CodeBase-V6.6/vendor/barryvdh/laravel-debugbar/src/Middleware/InjectDebugbar.php(59): Illuminate\\Pipeline\\Pipeline->Illuminate\\Pipeline\\{closure}()
#32 /home/vun/Project/UltimatePOS-CodeBase-V6.6/vendor/laravel/framework/src/Illuminate/Pipeline/Pipeline.php(180): Barryvdh\\Debugbar\\Middleware\\InjectDebugbar->handle()
#33 /home/vun/Project/UltimatePOS-CodeBase-V6.6/vendor/laravel/framework/src/Illuminate/Routing/Middleware/SubstituteBindings.php(50): Illuminate\\Pipeline\\Pipeline->Illuminate\\Pipeline\\{closure}()
#34 /home/vun/Project/UltimatePOS-CodeBase-V6.6/vendor/laravel/framework/src/Illuminate/Pipeline/Pipeline.php(180): Illuminate\\Routing\\Middleware\\SubstituteBindings->handle()
#35 /home/vun/Project/UltimatePOS-CodeBase-V6.6/vendor/laravel/framework/src/Illuminate/Foundation/Http/Middleware/VerifyCsrfToken.php(78): Illuminate\\Pipeline\\Pipeline->Illuminate\\Pipeline\\{closure}()
#36 /home/vun/Project/UltimatePOS-CodeBase-V6.6/vendor/laravel/framework/src/Illuminate/Pipeline/Pipeline.php(180): Illuminate\\Foundation\\Http\\Middleware\\VerifyCsrfToken->handle()
#37 /home/vun/Project/UltimatePOS-CodeBase-V6.6/vendor/laravel/framework/src/Illuminate/View/Middleware/ShareErrorsFromSession.php(49): Illuminate\\Pipeline\\Pipeline->Illuminate\\Pipeline\\{closure}()
#38 /home/vun/Project/UltimatePOS-CodeBase-V6.6/vendor/laravel/framework/src/Illuminate/Pipeline/Pipeline.php(180): Illuminate\\View\\Middleware\\ShareErrorsFromSession->handle()
#39 /home/vun/Project/UltimatePOS-CodeBase-V6.6/vendor/laravel/framework/src/Illuminate/Session/Middleware/StartSession.php(121): Illuminate\\Pipeline\\Pipeline->Illuminate\\Pipeline\\{closure}()
#40 /home/vun/Project/UltimatePOS-CodeBase-V6.6/vendor/laravel/framework/src/Illuminate/Session/Middleware/StartSession.php(64): Illuminate\\Session\\Middleware\\StartSession->handleStatefulRequest()
#41 /home/vun/Project/UltimatePOS-CodeBase-V6.6/vendor/laravel/framework/src/Illuminate/Pipeline/Pipeline.php(180): Illuminate\\Session\\Middleware\\StartSession->handle()
#42 /home/vun/Project/UltimatePOS-CodeBase-V6.6/vendor/laravel/framework/src/Illuminate/Cookie/Middleware/AddQueuedCookiesToResponse.php(37): Illuminate\\Pipeline\\Pipeline->Illuminate\\Pipeline\\{closure}()
#43 /home/vun/Project/UltimatePOS-CodeBase-V6.6/vendor/laravel/framework/src/Illuminate/Pipeline/Pipeline.php(180): Illuminate\\Cookie\\Middleware\\AddQueuedCookiesToResponse->handle()
#44 /home/vun/Project/UltimatePOS-CodeBase-V6.6/vendor/laravel/framework/src/Illuminate/Cookie/Middleware/EncryptCookies.php(67): Illuminate\\Pipeline\\Pipeline->Illuminate\\Pipeline\\{closure}()
#45 /home/vun/Project/UltimatePOS-CodeBase-V6.6/vendor/laravel/framework/src/Illuminate/Pipeline/Pipeline.php(180): Illuminate\\Cookie\\Middleware\\EncryptCookies->handle()
#46 /home/vun/Project/UltimatePOS-CodeBase-V6.6/vendor/laravel/framework/src/Illuminate/Pipeline/Pipeline.php(116): Illuminate\\Pipeline\\Pipeline->Illuminate\\Pipeline\\{closure}()
#47 /home/vun/Project/UltimatePOS-CodeBase-V6.6/vendor/laravel/framework/src/Illuminate/Routing/Router.php(797): Illuminate\\Pipeline\\Pipeline->then()
#48 /home/vun/Project/UltimatePOS-CodeBase-V6.6/vendor/laravel/framework/src/Illuminate/Routing/Router.php(776): Illuminate\\Routing\\Router->runRouteWithinStack()
#49 /home/vun/Project/UltimatePOS-CodeBase-V6.6/vendor/laravel/framework/src/Illuminate/Routing/Router.php(740): Illuminate\\Routing\\Router->runRoute()
#50 /home/vun/Project/UltimatePOS-CodeBase-V6.6/vendor/laravel/framework/src/Illuminate/Routing/Router.php(729): Illuminate\\Routing\\Router->dispatchToRoute()
#51 /home/vun/Project/UltimatePOS-CodeBase-V6.6/vendor/laravel/framework/src/Illuminate/Foundation/Http/Kernel.php(190): Illuminate\\Routing\\Router->dispatch()
#52 /home/vun/Project/UltimatePOS-CodeBase-V6.6/vendor/laravel/framework/src/Illuminate/Pipeline/Pipeline.php(141): Illuminate\\Foundation\\Http\\Kernel->Illuminate\\Foundation\\Http\\{closure}()
#53 /home/vun/Project/UltimatePOS-CodeBase-V6.6/vendor/barryvdh/laravel-debugbar/src/Middleware/InjectDebugbar.php(59): Illuminate\\Pipeline\\Pipeline->Illuminate\\Pipeline\\{closure}()
#54 /home/vun/Project/UltimatePOS-CodeBase-V6.6/vendor/laravel/framework/src/Illuminate/Pipeline/Pipeline.php(180): Barryvdh\\Debugbar\\Middleware\\InjectDebugbar->handle()
#55 /home/vun/Project/UltimatePOS-CodeBase-V6.6/vendor/laravel/framework/src/Illuminate/Foundation/Http/Middleware/TransformsRequest.php(21): Illuminate\\Pipeline\\Pipeline->Illuminate\\Pipeline\\{closure}()
#56 /home/vun/Project/UltimatePOS-CodeBase-V6.6/vendor/laravel/framework/src/Illuminate/Foundation/Http/Middleware/ConvertEmptyStringsToNull.php(31): Illuminate\\Foundation\\Http\\Middleware\\TransformsRequest->handle()
#57 /home/vun/Project/UltimatePOS-CodeBase-V6.6/vendor/laravel/framework/src/Illuminate/Pipeline/Pipeline.php(180): Illuminate\\Foundation\\Http\\Middleware\\ConvertEmptyStringsToNull->handle()
#58 /home/vun/Project/UltimatePOS-CodeBase-V6.6/vendor/laravel/framework/src/Illuminate/Foundation/Http/Middleware/TransformsRequest.php(21): Illuminate\\Pipeline\\Pipeline->Illuminate\\Pipeline\\{closure}()
#59 /home/vun/Project/UltimatePOS-CodeBase-V6.6/vendor/laravel/framework/src/Illuminate/Foundation/Http/Middleware/TrimStrings.php(40): Illuminate\\Foundation\\Http\\Middleware\\TransformsRequest->handle()
#60 /home/vun/Project/UltimatePOS-CodeBase-V6.6/vendor/laravel/framework/src/Illuminate/Pipeline/Pipeline.php(180): Illuminate\\Foundation\\Http\\Middleware\\TrimStrings->handle()
#61 /home/vun/Project/UltimatePOS-CodeBase-V6.6/vendor/laravel/framework/src/Illuminate/Foundation/Http/Middleware/ValidatePostSize.php(27): Illuminate\\Pipeline\\Pipeline->Illuminate\\Pipeline\\{closure}()
#62 /home/vun/Project/UltimatePOS-CodeBase-V6.6/vendor/laravel/framework/src/Illuminate/Pipeline/Pipeline.php(180): Illuminate\\Foundation\\Http\\Middleware\\ValidatePostSize->handle()
#63 /home/vun/Project/UltimatePOS-CodeBase-V6.6/vendor/laravel/framework/src/Illuminate/Foundation/Http/Middleware/PreventRequestsDuringMaintenance.php(86): Illuminate\\Pipeline\\Pipeline->Illuminate\\Pipeline\\{closure}()
#64 /home/vun/Project/UltimatePOS-CodeBase-V6.6/vendor/laravel/framework/src/Illuminate/Pipeline/Pipeline.php(180): Illuminate\\Foundation\\Http\\Middleware\\PreventRequestsDuringMaintenance->handle()
#65 /home/vun/Project/UltimatePOS-CodeBase-V6.6/vendor/laravel/framework/src/Illuminate/Http/Middleware/HandleCors.php(49): Illuminate\\Pipeline\\Pipeline->Illuminate\\Pipeline\\{closure}()
#66 /home/vun/Project/UltimatePOS-CodeBase-V6.6/vendor/laravel/framework/src/Illuminate/Pipeline/Pipeline.php(180): Illuminate\\Http\\Middleware\\HandleCors->handle()
#67 /home/vun/Project/UltimatePOS-CodeBase-V6.6/vendor/laravel/framework/src/Illuminate/Http/Middleware/TrustProxies.php(39): Illuminate\\Pipeline\\Pipeline->Illuminate\\Pipeline\\{closure}()
#68 /home/vun/Project/UltimatePOS-CodeBase-V6.6/vendor/laravel/framework/src/Illuminate/Pipeline/Pipeline.php(180): Illuminate\\Http\\Middleware\\TrustProxies->handle()
#69 /home/vun/Project/UltimatePOS-CodeBase-V6.6/vendor/laravel/framework/src/Illuminate/Pipeline/Pipeline.php(116): Illuminate\\Pipeline\\Pipeline->Illuminate\\Pipeline\\{closure}()
#70 /home/vun/Project/UltimatePOS-CodeBase-V6.6/vendor/laravel/framework/src/Illuminate/Foundation/Http/Kernel.php(165): Illuminate\\Pipeline\\Pipeline->then()
#71 /home/vun/Project/UltimatePOS-CodeBase-V6.6/vendor/laravel/framework/src/Illuminate/Foundation/Http/Kernel.php(134): Illuminate\\Foundation\\Http\\Kernel->sendRequestThroughRouter()
#72 /home/vun/Project/UltimatePOS-CodeBase-V6.6/public/index.php(51): Illuminate\\Foundation\\Http\\Kernel->handle()
#73 /home/vun/Project/UltimatePOS-CodeBase-V6.6/vendor/laravel/framework/src/Illuminate/Foundation/resources/server.php(16): require_once('...')
#74 {main}

[previous exception] [object] (PDOException(code: 42S02): SQLSTATE[42S02]: Base table or view not found: 1146 Table 'ultimatepos.system' doesn't exist at /home/vun/Project/UltimatePOS-CodeBase-V6.6/vendor/laravel/framework/src/Illuminate/Database/Connection.php:414)
[stacktrace]
#0 /home/vun/Project/UltimatePOS-CodeBase-V6.6/vendor/laravel/framework/src/Illuminate/Database/Connection.php(414): PDO->prepare()
#1 /home/vun/Project/UltimatePOS-CodeBase-V6.6/vendor/laravel/framework/src/Illuminate/Database/Connection.php(753): Illuminate\\Database\\Connection->Illuminate\\Database\\{closure}()
#2 /home/vun/Project/UltimatePOS-CodeBase-V6.6/vendor/laravel/framework/src/Illuminate/Database/Connection.php(720): Illuminate\\Database\\Connection->runQueryCallback()
#3 /home/vun/Project/UltimatePOS-CodeBase-V6.6/vendor/laravel/framework/src/Illuminate/Database/Connection.php(405): Illuminate\\Database\\Connection->run()
#4 /home/vun/Project/UltimatePOS-CodeBase-V6.6/vendor/laravel/framework/src/Illuminate/Database/Query/Builder.php(2705): Illuminate\\Database\\Connection->select()
#5 /home/vun/Project/UltimatePOS-CodeBase-V6.6/vendor/laravel/framework/src/Illuminate/Database/Query/Builder.php(2920): Illuminate\\Database\\Query\\Builder->runSelect()
#6 /home/vun/Project/UltimatePOS-CodeBase-V6.6/vendor/laravel/framework/src/Illuminate/Database/Query/Builder.php(3230): Illuminate\\Database\\Query\\Builder->Illuminate\\Database\\Query\\{closure}()
#7 /home/vun/Project/UltimatePOS-CodeBase-V6.6/vendor/laravel/framework/src/Illuminate/Database/Query/Builder.php(2916): Illuminate\\Database\\Query\\Builder->onceWithColumns()
#8 /home/vun/Project/UltimatePOS-CodeBase-V6.6/vendor/laravel/framework/src/Illuminate/Database/Eloquent/Builder.php(860): Illuminate\\Database\\Query\\Builder->pluck()
#9 /home/vun/Project/UltimatePOS-CodeBase-V6.6/app/System.php(58): Illuminate\\Database\\Eloquent\\Builder->pluck()
#10 /home/vun/Project/UltimatePOS-CodeBase-V6.6/app/Providers/AppServiceProvider.php(99): App\\System::getProperties()
#11 /home/vun/Project/UltimatePOS-CodeBase-V6.6/vendor/laravel/framework/src/Illuminate/View/Concerns/ManagesEvents.php(162): App\\Providers\\AppServiceProvider->App\\Providers\\{closure}()
#12 /home/vun/Project/UltimatePOS-CodeBase-V6.6/vendor/laravel/framework/src/Illuminate/Events/Dispatcher.php(418): Illuminate\\View\\Factory->Illuminate\\View\\Concerns\\{closure}()
#13 /home/vun/Project/UltimatePOS-CodeBase-V6.6/vendor/laravel/framework/src/Illuminate/Events/Dispatcher.php(249): Illuminate\\Events\\Dispatcher->Illuminate\\Events\\{closure}()
#14 /home/vun/Project/UltimatePOS-CodeBase-V6.6/vendor/laravel/framework/src/Illuminate/View/Concerns/ManagesEvents.php(177): Illuminate\\Events\\Dispatcher->dispatch()
#15 /home/vun/Project/UltimatePOS-CodeBase-V6.6/vendor/laravel/framework/src/Illuminate/View/View.php(176): Illuminate\\View\\Factory->callComposer()
#16 /home/vun/Project/UltimatePOS-CodeBase-V6.6/vendor/laravel/framework/src/Illuminate/View/View.php(147): Illuminate\\View\\View->renderContents()
#17 /home/vun/Project/UltimatePOS-CodeBase-V6.6/storage/framework/views/6580eb56029b49dd1dd45a62216da06cb8eb5c1f.php(18): Illuminate\\View\\View->render()
#18 /home/vun/Project/UltimatePOS-CodeBase-V6.6/vendor/laravel/framework/src/Illuminate/Filesystem/Filesystem.php(109): require('...')
#19 /home/vun/Project/UltimatePOS-CodeBase-V6.6/vendor/laravel/framework/src/Illuminate/Filesystem/Filesystem.php(110): Illuminate\\Filesystem\\Filesystem::Illuminate\\Filesystem\\{closure}()
#20 /home/vun/Project/UltimatePOS-CodeBase-V6.6/vendor/laravel/framework/src/Illuminate/View/Engines/PhpEngine.php(58): Illuminate\\Filesystem\\Filesystem->getRequire()
#21 /home/vun/Project/UltimatePOS-CodeBase-V6.6/vendor/laravel/framework/src/Illuminate/View/Engines/CompilerEngine.php(70): Illuminate\\View\\Engines\\PhpEngine->evaluatePath()
#22 /home/vun/Project/UltimatePOS-CodeBase-V6.6/vendor/laravel/framework/src/Illuminate/View/View.php(195): Illuminate\\View\\Engines\\CompilerEngine->get()
#23 /home/vun/Project/UltimatePOS-CodeBase-V6.6/vendor/laravel/framework/src/Illuminate/View/View.php(178): Illuminate\\View\\View->getContents()
#24 /home/vun/Project/UltimatePOS-CodeBase-V6.6/vendor/laravel/framework/src/Illuminate/View/View.php(147): Illuminate\\View\\View->renderContents()
#25 /home/vun/Project/UltimatePOS-CodeBase-V6.6/vendor/laravel/framework/src/Illuminate/Http/Response.php(69): Illuminate\\View\\View->render()
#26 /home/vun/Project/UltimatePOS-CodeBase-V6.6/vendor/laravel/framework/src/Illuminate/Http/Response.php(35): Illuminate\\Http\\Response->setContent()
#27 /home/vun/Project/UltimatePOS-CodeBase-V6.6/vendor/laravel/framework/src/Illuminate/Routing/Router.php(906): Illuminate\\Http\\Response->__construct()
#28 /home/vun/Project/UltimatePOS-CodeBase-V6.6/vendor/laravel/framework/src/Illuminate/Routing/Router.php(875): Illuminate\\Routing\\Router::toResponse()
#29 /home/vun/Project/UltimatePOS-CodeBase-V6.6/vendor/laravel/framework/src/Illuminate/Routing/Router.php(797): Illuminate\\Routing\\Router->prepareResponse()
#30 /home/vun/Project/UltimatePOS-CodeBase-V6.6/vendor/laravel/framework/src/Illuminate/Pipeline/Pipeline.php(141): Illuminate\\Routing\\Router->Illuminate\\Routing\\{closure}()
#31 /home/vun/Project/UltimatePOS-CodeBase-V6.6/app/Http/Middleware/IsInstalled.php(50): Illuminate\\Pipeline\\Pipeline->Illuminate\\Pipeline\\{closure}()
#32 /home/vun/Project/UltimatePOS-CodeBase-V6.6/vendor/laravel/framework/src/Illuminate/Pipeline/Pipeline.php(180): App\\Http\\Middleware\\IsInstalled->handle()
#33 /home/vun/Project/UltimatePOS-CodeBase-V6.6/vendor/barryvdh/laravel-debugbar/src/Middleware/InjectDebugbar.php(59): Illuminate\\Pipeline\\Pipeline->Illuminate\\Pipeline\\{closure}()
#34 /home/vun/Project/UltimatePOS-CodeBase-V6.6/vendor/laravel/framework/src/Illuminate/Pipeline/Pipeline.php(180): Barryvdh\\Debugbar\\Middleware\\InjectDebugbar->handle()
#35 /home/vun/Project/UltimatePOS-CodeBase-V6.6/vendor/laravel/framework/src/Illuminate/Routing/Middleware/SubstituteBindings.php(50): Illuminate\\Pipeline\\Pipeline->Illuminate\\Pipeline\\{closure}()
#36 /home/vun/Project/UltimatePOS-CodeBase-V6.6/vendor/laravel/framework/src/Illuminate/Pipeline/Pipeline.php(180): Illuminate\\Routing\\Middleware\\SubstituteBindings->handle()
#37 /home/vun/Project/UltimatePOS-CodeBase-V6.6/vendor/laravel/framework/src/Illuminate/Foundation/Http/Middleware/VerifyCsrfToken.php(78): Illuminate\\Pipeline\\Pipeline->Illuminate\\Pipeline\\{closure}()
#38 /home/vun/Project/UltimatePOS-CodeBase-V6.6/vendor/laravel/framework/src/Illuminate/Pipeline/Pipeline.php(180): Illuminate\\Foundation\\Http\\Middleware\\VerifyCsrfToken->handle()
#39 /home/vun/Project/UltimatePOS-CodeBase-V6.6/vendor/laravel/framework/src/Illuminate/View/Middleware/ShareErrorsFromSession.php(49): Illuminate\\Pipeline\\Pipeline->Illuminate\\Pipeline\\{closure}()
#40 /home/vun/Project/UltimatePOS-CodeBase-V6.6/vendor/laravel/framework/src/Illuminate/Pipeline/Pipeline.php(180): Illuminate\\View\\Middleware\\ShareErrorsFromSession->handle()
#41 /home/vun/Project/UltimatePOS-CodeBase-V6.6/vendor/laravel/framework/src/Illuminate/Session/Middleware/StartSession.php(121): Illuminate\\Pipeline\\Pipeline->Illuminate\\Pipeline\\{closure}()
#42 /home/vun/Project/UltimatePOS-CodeBase-V6.6/vendor/laravel/framework/src/Illuminate/Session/Middleware/StartSession.php(64): Illuminate\\Session\\Middleware\\StartSession->handleStatefulRequest()
#43 /home/vun/Project/UltimatePOS-CodeBase-V6.6/vendor/laravel/framework/src/Illuminate/Pipeline/Pipeline.php(180): Illuminate\\Session\\Middleware\\StartSession->handle()
#44 /home/vun/Project/UltimatePOS-CodeBase-V6.6/vendor/laravel/framework/src/Illuminate/Cookie/Middleware/AddQueuedCookiesToResponse.php(37): Illuminate\\Pipeline\\Pipeline->Illuminate\\Pipeline\\{closure}()
#45 /home/vun/Project/UltimatePOS-CodeBase-V6.6/vendor/laravel/framework/src/Illuminate/Pipeline/Pipeline.php(180): Illuminate\\Cookie\\Middleware\\AddQueuedCookiesToResponse->handle()
#46 /home/vun/Project/UltimatePOS-CodeBase-V6.6/vendor/laravel/framework/src/Illuminate/Cookie/Middleware/EncryptCookies.php(67): Illuminate\\Pipeline\\Pipeline->Illuminate\\Pipeline\\{closure}()
#47 /home/vun/Project/UltimatePOS-CodeBase-V6.6/vendor/laravel/framework/src/Illuminate/Pipeline/Pipeline.php(180): Illuminate\\Cookie\\Middleware\\EncryptCookies->handle()
#48 /home/vun/Project/UltimatePOS-CodeBase-V6.6/vendor/laravel/framework/src/Illuminate/Pipeline/Pipeline.php(116): Illuminate\\Pipeline\\Pipeline->Illuminate\\Pipeline\\{closure}()
#49 /home/vun/Project/UltimatePOS-CodeBase-V6.6/vendor/laravel/framework/src/Illuminate/Routing/Router.php(797): Illuminate\\Pipeline\\Pipeline->then()
#50 /home/vun/Project/UltimatePOS-CodeBase-V6.6/vendor/laravel/framework/src/Illuminate/Routing/Router.php(776): Illuminate\\Routing\\Router->runRouteWithinStack()
#51 /home/vun/Project/UltimatePOS-CodeBase-V6.6/vendor/laravel/framework/src/Illuminate/Routing/Router.php(740): Illuminate\\Routing\\Router->runRoute()
#52 /home/vun/Project/UltimatePOS-CodeBase-V6.6/vendor/laravel/framework/src/Illuminate/Routing/Router.php(729): Illuminate\\Routing\\Router->dispatchToRoute()
#53 /home/vun/Project/UltimatePOS-CodeBase-V6.6/vendor/laravel/framework/src/Illuminate/Foundation/Http/Kernel.php(190): Illuminate\\Routing\\Router->dispatch()
#54 /home/vun/Project/UltimatePOS-CodeBase-V6.6/vendor/laravel/framework/src/Illuminate/Pipeline/Pipeline.php(141): Illuminate\\Foundation\\Http\\Kernel->Illuminate\\Foundation\\Http\\{closure}()
#55 /home/vun/Project/UltimatePOS-CodeBase-V6.6/vendor/barryvdh/laravel-debugbar/src/Middleware/InjectDebugbar.php(59): Illuminate\\Pipeline\\Pipeline->Illuminate\\Pipeline\\{closure}()
#56 /home/vun/Project/UltimatePOS-CodeBase-V6.6/vendor/laravel/framework/src/Illuminate/Pipeline/Pipeline.php(180): Barryvdh\\Debugbar\\Middleware\\InjectDebugbar->handle()
#57 /home/vun/Project/UltimatePOS-CodeBase-V6.6/vendor/laravel/framework/src/Illuminate/Foundation/Http/Middleware/TransformsRequest.php(21): Illuminate\\Pipeline\\Pipeline->Illuminate\\Pipeline\\{closure}()
#58 /home/vun/Project/UltimatePOS-CodeBase-V6.6/vendor/laravel/framework/src/Illuminate/Foundation/Http/Middleware/ConvertEmptyStringsToNull.php(31): Illuminate\\Foundation\\Http\\Middleware\\TransformsRequest->handle()
#59 /home/vun/Project/UltimatePOS-CodeBase-V6.6/vendor/laravel/framework/src/Illuminate/Pipeline/Pipeline.php(180): Illuminate\\Foundation\\Http\\Middleware\\ConvertEmptyStringsToNull->handle()
#60 /home/vun/Project/UltimatePOS-CodeBase-V6.6/vendor/laravel/framework/src/Illuminate/Foundation/Http/Middleware/TransformsRequest.php(21): Illuminate\\Pipeline\\Pipeline->Illuminate\\Pipeline\\{closure}()
#61 /home/vun/Project/UltimatePOS-CodeBase-V6.6/vendor/laravel/framework/src/Illuminate/Foundation/Http/Middleware/TrimStrings.php(40): Illuminate\\Foundation\\Http\\Middleware\\TransformsRequest->handle()
#62 /home/vun/Project/UltimatePOS-CodeBase-V6.6/vendor/laravel/framework/src/Illuminate/Pipeline/Pipeline.php(180): Illuminate\\Foundation\\Http\\Middleware\\TrimStrings->handle()
#63 /home/vun/Project/UltimatePOS-CodeBase-V6.6/vendor/laravel/framework/src/Illuminate/Foundation/Http/Middleware/ValidatePostSize.php(27): Illuminate\\Pipeline\\Pipeline->Illuminate\\Pipeline\\{closure}()
#64 /home/vun/Project/UltimatePOS-CodeBase-V6.6/vendor/laravel/framework/src/Illuminate/Pipeline/Pipeline.php(180): Illuminate\\Foundation\\Http\\Middleware\\ValidatePostSize->handle()
#65 /home/vun/Project/UltimatePOS-CodeBase-V6.6/vendor/laravel/framework/src/Illuminate/Foundation/Http/Middleware/PreventRequestsDuringMaintenance.php(86): Illuminate\\Pipeline\\Pipeline->Illuminate\\Pipeline\\{closure}()
#66 /home/vun/Project/UltimatePOS-CodeBase-V6.6/vendor/laravel/framework/src/Illuminate/Pipeline/Pipeline.php(180): Illuminate\\Foundation\\Http\\Middleware\\PreventRequestsDuringMaintenance->handle()
#67 /home/vun/Project/UltimatePOS-CodeBase-V6.6/vendor/laravel/framework/src/Illuminate/Http/Middleware/HandleCors.php(49): Illuminate\\Pipeline\\Pipeline->Illuminate\\Pipeline\\{closure}()
#68 /home/vun/Project/UltimatePOS-CodeBase-V6.6/vendor/laravel/framework/src/Illuminate/Pipeline/Pipeline.php(180): Illuminate\\Http\\Middleware\\HandleCors->handle()
#69 /home/vun/Project/UltimatePOS-CodeBase-V6.6/vendor/laravel/framework/src/Illuminate/Http/Middleware/TrustProxies.php(39): Illuminate\\Pipeline\\Pipeline->Illuminate\\Pipeline\\{closure}()
#70 /home/vun/Project/UltimatePOS-CodeBase-V6.6/vendor/laravel/framework/src/Illuminate/Pipeline/Pipeline.php(180): Illuminate\\Http\\Middleware\\TrustProxies->handle()
#71 /home/vun/Project/UltimatePOS-CodeBase-V6.6/vendor/laravel/framework/src/Illuminate/Pipeline/Pipeline.php(116): Illuminate\\Pipeline\\Pipeline->Illuminate\\Pipeline\\{closure}()
#72 /home/vun/Project/UltimatePOS-CodeBase-V6.6/vendor/laravel/framework/src/Illuminate/Foundation/Http/Kernel.php(165): Illuminate\\Pipeline\\Pipeline->then()
#73 /home/vun/Project/UltimatePOS-CodeBase-V6.6/vendor/laravel/framework/src/Illuminate/Foundation/Http/Kernel.php(134): Illuminate\\Foundation\\Http\\Kernel->sendRequestThroughRouter()
#74 /home/vun/Project/UltimatePOS-CodeBase-V6.6/public/index.php(51): Illuminate\\Foundation\\Http\\Kernel->handle()
#75 /home/vun/Project/UltimatePOS-CodeBase-V6.6/vendor/laravel/framework/src/Illuminate/Foundation/resources/server.php(16): require_once('...')
#76 {main}
"} 
